{"/usr/src/app/src/app.js": {"path":"/usr/src/app/src/app.js","statementMap":{"0":{"start":{"line":7,"column":12},"end":{"line":7,"column":21}},"1":{"start":{"line":9,"column":0},"end":{"line":9,"column":16}},"2":{"start":{"line":10,"column":0},"end":{"line":10,"column":24}},"3":{"start":{"line":12,"column":0},"end":{"line":12,"column":27}},"4":{"start":{"line":14,"column":0},"end":{"line":14,"column":25}}},"fnMap":{},"branchMap":{},"s":{"0":3,"1":3,"2":3,"3":3,"4":3},"f":{},"b":{},"_coverageSchema":"1a1c01bbd47fc00a2c39e90264f33305004495a9","hash":"f248194f5625756505b0d56a1b085bb89f298907"}
,"/usr/src/app/src/routes.js": {"path":"/usr/src/app/src/routes.js","statementMap":{"0":{"start":{"line":7,"column":15},"end":{"line":7,"column":23}},"1":{"start":{"line":9,"column":0},"end":{"line":9,"column":48}},"2":{"start":{"line":10,"column":0},"end":{"line":10,"column":34}},"3":{"start":{"line":11,"column":0},"end":{"line":11,"column":63}},"4":{"start":{"line":12,"column":0},"end":{"line":12,"column":66}},"5":{"start":{"line":14,"column":0},"end":{"line":16,"column":3}},"6":{"start":{"line":15,"column":4},"end":{"line":15,"column":58}}},"fnMap":{"0":{"name":"(anonymous_0)","decl":{"start":{"line":14,"column":22},"end":{"line":14,"column":23}},"loc":{"start":{"line":14,"column":37},"end":{"line":16,"column":1}},"line":14}},"branchMap":{},"s":{"0":3,"1":3,"2":3,"3":3,"4":3,"5":3,"6":0},"f":{"0":0},"b":{},"_coverageSchema":"1a1c01bbd47fc00a2c39e90264f33305004495a9","hash":"cabeefeb9d0c84e62f01e02137b50517b7de6978"}
,"/usr/src/app/src/controller/despesaParticipante.controller.js": {"path":"/usr/src/app/src/controller/despesaParticipante.controller.js","statementMap":{"0":{"start":{"line":6,"column":21},"end":{"line":6,"column":76}},"1":{"start":{"line":7,"column":8},"end":{"line":7,"column":57}},"2":{"start":{"line":11,"column":21},"end":{"line":11,"column":43}},"3":{"start":{"line":12,"column":21},"end":{"line":12,"column":66}},"4":{"start":{"line":13,"column":8},"end":{"line":13,"column":57}},"5":{"start":{"line":17,"column":21},"end":{"line":17,"column":72}},"6":{"start":{"line":18,"column":8},"end":{"line":18,"column":57}},"7":{"start":{"line":21,"column":4},"end":{"line":21,"column":62}}},"fnMap":{"0":{"name":"criarControllerDespesaParticipante","decl":{"start":{"line":4,"column":9},"end":{"line":4,"column":43}},"loc":{"start":{"line":4,"column":53},"end":{"line":22,"column":1}},"line":4},"1":{"name":"listarPorDespesa","decl":{"start":{"line":5,"column":19},"end":{"line":5,"column":35}},"loc":{"start":{"line":5,"column":46},"end":{"line":8,"column":5}},"line":5},"2":{"name":"criarVinculo","decl":{"start":{"line":10,"column":19},"end":{"line":10,"column":31}},"loc":{"start":{"line":10,"column":42},"end":{"line":14,"column":5}},"line":10},"3":{"name":"deletarVinculo","decl":{"start":{"line":16,"column":19},"end":{"line":16,"column":33}},"loc":{"start":{"line":16,"column":44},"end":{"line":19,"column":5}},"line":16}},"branchMap":{},"s":{"0":0,"1":0,"2":1,"3":1,"4":1,"5":0,"6":0,"7":3},"f":{"0":3,"1":0,"2":1,"3":0},"b":{},"_coverageSchema":"1a1c01bbd47fc00a2c39e90264f33305004495a9","hash":"4b4dc303e8794baf0213373027a23a2051b74c10"}
,"/usr/src/app/src/controller/divisao.controller.js": {"path":"/usr/src/app/src/controller/divisao.controller.js","statementMap":{"0":{"start":{"line":6,"column":21},"end":{"line":6,"column":49}},"1":{"start":{"line":7,"column":21},"end":{"line":11,"column":10}},"2":{"start":{"line":12,"column":8},"end":{"line":12,"column":57}},"3":{"start":{"line":15,"column":4},"end":{"line":15,"column":38}}},"fnMap":{"0":{"name":"criarControllerDivisao","decl":{"start":{"line":4,"column":9},"end":{"line":4,"column":31}},"loc":{"start":{"line":4,"column":41},"end":{"line":16,"column":1}},"line":4},"1":{"name":"calcularDivisaoDespesa","decl":{"start":{"line":5,"column":19},"end":{"line":5,"column":41}},"loc":{"start":{"line":5,"column":52},"end":{"line":13,"column":5}},"line":5}},"branchMap":{},"s":{"0":2,"1":2,"2":1,"3":3},"f":{"0":3,"1":2},"b":{},"_coverageSchema":"1a1c01bbd47fc00a2c39e90264f33305004495a9","hash":"ae7b20b446ca37cf9833bff6771c16f606611638"}
,"/usr/src/app/src/controller/grupo.controller.js": {"path":"/usr/src/app/src/controller/grupo.controller.js","statementMap":{"0":{"start":{"line":6,"column":21},"end":{"line":6,"column":78}},"1":{"start":{"line":7,"column":8},"end":{"line":7,"column":57}},"2":{"start":{"line":11,"column":21},"end":{"line":11,"column":57}},"3":{"start":{"line":12,"column":8},"end":{"line":12,"column":57}},"4":{"start":{"line":16,"column":21},"end":{"line":16,"column":43}},"5":{"start":{"line":17,"column":21},"end":{"line":17,"column":64}},"6":{"start":{"line":18,"column":8},"end":{"line":18,"column":57}},"7":{"start":{"line":22,"column":21},"end":{"line":22,"column":82}},"8":{"start":{"line":23,"column":21},"end":{"line":23,"column":65}},"9":{"start":{"line":24,"column":8},"end":{"line":24,"column":57}},"10":{"start":{"line":28,"column":21},"end":{"line":28,"column":83}},"11":{"start":{"line":29,"column":8},"end":{"line":29,"column":57}},"12":{"start":{"line":32,"column":4},"end":{"line":32,"column":80}}},"fnMap":{"0":{"name":"criarControllerGrupo","decl":{"start":{"line":4,"column":9},"end":{"line":4,"column":29}},"loc":{"start":{"line":4,"column":39},"end":{"line":33,"column":1}},"line":4},"1":{"name":"listarMeusGrupos","decl":{"start":{"line":5,"column":19},"end":{"line":5,"column":35}},"loc":{"start":{"line":5,"column":46},"end":{"line":8,"column":5}},"line":5},"2":{"name":"getById","decl":{"start":{"line":10,"column":19},"end":{"line":10,"column":26}},"loc":{"start":{"line":10,"column":37},"end":{"line":13,"column":5}},"line":10},"3":{"name":"criarGrupo","decl":{"start":{"line":15,"column":19},"end":{"line":15,"column":29}},"loc":{"start":{"line":15,"column":40},"end":{"line":19,"column":5}},"line":15},"4":{"name":"editarGrupo","decl":{"start":{"line":21,"column":19},"end":{"line":21,"column":30}},"loc":{"start":{"line":21,"column":41},"end":{"line":25,"column":5}},"line":21},"5":{"name":"deletarGrupo","decl":{"start":{"line":27,"column":19},"end":{"line":27,"column":31}},"loc":{"start":{"line":27,"column":42},"end":{"line":30,"column":5}},"line":27}},"branchMap":{},"s":{"0":0,"1":0,"2":0,"3":0,"4":6,"5":5,"6":5,"7":2,"8":2,"9":1,"10":0,"11":0,"12":3},"f":{"0":3,"1":0,"2":0,"3":6,"4":2,"5":0},"b":{},"_coverageSchema":"1a1c01bbd47fc00a2c39e90264f33305004495a9","hash":"93e236e947cd97579459780299236eddb3a64751"}
,"/usr/src/app/src/controller/participante.controller.js": {"path":"/usr/src/app/src/controller/participante.controller.js","statementMap":{"0":{"start":{"line":6,"column":21},"end":{"line":6,"column":74}},"1":{"start":{"line":7,"column":8},"end":{"line":7,"column":57}},"2":{"start":{"line":11,"column":21},"end":{"line":11,"column":64}},"3":{"start":{"line":12,"column":8},"end":{"line":12,"column":57}},"4":{"start":{"line":16,"column":21},"end":{"line":16,"column":43}},"5":{"start":{"line":17,"column":21},"end":{"line":17,"column":71}},"6":{"start":{"line":18,"column":8},"end":{"line":18,"column":57}},"7":{"start":{"line":23,"column":21},"end":{"line":23,"column":82}},"8":{"start":{"line":24,"column":21},"end":{"line":24,"column":59}},"9":{"start":{"line":25,"column":8},"end":{"line":25,"column":57}},"10":{"start":{"line":29,"column":21},"end":{"line":29,"column":70}},"11":{"start":{"line":30,"column":21},"end":{"line":30,"column":67}},"12":{"start":{"line":31,"column":8},"end":{"line":31,"column":57}},"13":{"start":{"line":34,"column":4},"end":{"line":34,"column":99}}},"fnMap":{"0":{"name":"criarControllerParticipante","decl":{"start":{"line":4,"column":9},"end":{"line":4,"column":36}},"loc":{"start":{"line":4,"column":46},"end":{"line":35,"column":1}},"line":4},"1":{"name":"listarPorGrupo","decl":{"start":{"line":5,"column":19},"end":{"line":5,"column":33}},"loc":{"start":{"line":5,"column":44},"end":{"line":8,"column":5}},"line":5},"2":{"name":"getById","decl":{"start":{"line":10,"column":19},"end":{"line":10,"column":26}},"loc":{"start":{"line":10,"column":37},"end":{"line":13,"column":5}},"line":10},"3":{"name":"criarParticipante","decl":{"start":{"line":15,"column":19},"end":{"line":15,"column":36}},"loc":{"start":{"line":15,"column":47},"end":{"line":19,"column":5}},"line":15},"4":{"name":"editarParticipante","decl":{"start":{"line":21,"column":19},"end":{"line":21,"column":37}},"loc":{"start":{"line":21,"column":48},"end":{"line":26,"column":5}},"line":21},"5":{"name":"deletarParticipante","decl":{"start":{"line":28,"column":19},"end":{"line":28,"column":38}},"loc":{"start":{"line":28,"column":49},"end":{"line":32,"column":5}},"line":28}},"branchMap":{},"s":{"0":1,"1":1,"2":0,"3":0,"4":8,"5":8,"6":7,"7":1,"8":1,"9":0,"10":0,"11":0,"12":0,"13":3},"f":{"0":3,"1":1,"2":0,"3":8,"4":1,"5":0},"b":{},"_coverageSchema":"1a1c01bbd47fc00a2c39e90264f33305004495a9","hash":"1dc6f720e862a3cbed996cbab64837e87d1c200d"}
,"/usr/src/app/src/dto/despesaParticipante.dto.js": {"path":"/usr/src/app/src/dto/despesaParticipante.dto.js","statementMap":{"0":{"start":{"line":3,"column":20},"end":{"line":8,"column":2}},"1":{"start":{"line":10,"column":22},"end":{"line":12,"column":2}},"2":{"start":{"line":14,"column":30},"end":{"line":16,"column":2}},"3":{"start":{"line":19,"column":4},"end":{"line":19,"column":35}},"4":{"start":{"line":23,"column":4},"end":{"line":23,"column":37}},"5":{"start":{"line":27,"column":4},"end":{"line":27,"column":45}}},"fnMap":{"0":{"name":"criarDto","decl":{"start":{"line":18,"column":9},"end":{"line":18,"column":17}},"loc":{"start":{"line":18,"column":24},"end":{"line":20,"column":1}},"line":18},"1":{"name":"deletarDto","decl":{"start":{"line":22,"column":9},"end":{"line":22,"column":19}},"loc":{"start":{"line":22,"column":26},"end":{"line":24,"column":1}},"line":22},"2":{"name":"calcularDivisaoDto","decl":{"start":{"line":26,"column":9},"end":{"line":26,"column":27}},"loc":{"start":{"line":26,"column":34},"end":{"line":28,"column":1}},"line":26}},"branchMap":{},"s":{"0":3,"1":3,"2":3,"3":1,"4":0,"5":2},"f":{"0":1,"1":0,"2":2},"b":{},"_coverageSchema":"1a1c01bbd47fc00a2c39e90264f33305004495a9","hash":"b09203fd3a11e35af87f9fad1a611baa4a789df0"}
,"/usr/src/app/src/dto/grupo.dto.js": {"path":"/usr/src/app/src/dto/grupo.dto.js","statementMap":{"0":{"start":{"line":3,"column":20},"end":{"line":5,"column":2}},"1":{"start":{"line":7,"column":21},"end":{"line":10,"column":2}},"2":{"start":{"line":13,"column":4},"end":{"line":13,"column":35}},"3":{"start":{"line":17,"column":4},"end":{"line":17,"column":36}}},"fnMap":{"0":{"name":"criarDto","decl":{"start":{"line":12,"column":9},"end":{"line":12,"column":17}},"loc":{"start":{"line":12,"column":24},"end":{"line":14,"column":1}},"line":12},"1":{"name":"editarDto","decl":{"start":{"line":16,"column":9},"end":{"line":16,"column":18}},"loc":{"start":{"line":16,"column":25},"end":{"line":18,"column":1}},"line":16}},"branchMap":{},"s":{"0":3,"1":3,"2":6,"3":2},"f":{"0":6,"1":2},"b":{},"_coverageSchema":"1a1c01bbd47fc00a2c39e90264f33305004495a9","hash":"f41623749e918acf0b2154cae5f7355d7dff693f"}
,"/usr/src/app/src/dto/participante.dto.js": {"path":"/usr/src/app/src/dto/participante.dto.js","statementMap":{"0":{"start":{"line":3,"column":20},"end":{"line":8,"column":2}},"1":{"start":{"line":10,"column":21},"end":{"line":14,"column":2}},"2":{"start":{"line":16,"column":22},"end":{"line":18,"column":2}},"3":{"start":{"line":21,"column":4},"end":{"line":21,"column":35}},"4":{"start":{"line":25,"column":4},"end":{"line":25,"column":36}},"5":{"start":{"line":29,"column":4},"end":{"line":29,"column":37}}},"fnMap":{"0":{"name":"criarDto","decl":{"start":{"line":20,"column":9},"end":{"line":20,"column":17}},"loc":{"start":{"line":20,"column":24},"end":{"line":22,"column":1}},"line":20},"1":{"name":"editarDto","decl":{"start":{"line":24,"column":9},"end":{"line":24,"column":18}},"loc":{"start":{"line":24,"column":25},"end":{"line":26,"column":1}},"line":24},"2":{"name":"deletarDto","decl":{"start":{"line":28,"column":9},"end":{"line":28,"column":19}},"loc":{"start":{"line":28,"column":26},"end":{"line":30,"column":1}},"line":28}},"branchMap":{},"s":{"0":3,"1":3,"2":3,"3":8,"4":1,"5":0},"f":{"0":8,"1":1,"2":0},"b":{},"_coverageSchema":"1a1c01bbd47fc00a2c39e90264f33305004495a9","hash":"8eb2d2e2afe7baa7d4459e23b591687bcb67f3d5"}
,"/usr/src/app/src/infrastructure/config/database.js": {"path":"/usr/src/app/src/infrastructure/config/database.js","statementMap":{"0":{"start":{"line":3,"column":23},"end":{"line":9,"column":1}}},"fnMap":{},"branchMap":{},"s":{"0":3},"f":{},"b":{},"_coverageSchema":"1a1c01bbd47fc00a2c39e90264f33305004495a9","hash":"95d7922e36373ed360d9c590482cbf10d7a4363e"}
,"/usr/src/app/src/infrastructure/config/jwt.js": {"path":"/usr/src/app/src/infrastructure/config/jwt.js","statementMap":{"0":{"start":{"line":3,"column":18},"end":{"line":5,"column":1}}},"fnMap":{},"branchMap":{},"s":{"0":3},"f":{},"b":{},"_coverageSchema":"1a1c01bbd47fc00a2c39e90264f33305004495a9","hash":"bb5c972660d036c30eae1e10c18ea4e039872473"}
,"/usr/src/app/src/infrastructure/config/secret-reader.js": {"path":"/usr/src/app/src/infrastructure/config/secret-reader.js","statementMap":{"0":{"start":{"line":5,"column":2},"end":{"line":9,"column":3}},"1":{"start":{"line":6,"column":4},"end":{"line":6,"column":72}},"2":{"start":{"line":8,"column":4},"end":{"line":8,"column":35}}},"fnMap":{"0":{"name":"getSecret","decl":{"start":{"line":4,"column":9},"end":{"line":4,"column":18}},"loc":{"start":{"line":4,"column":31},"end":{"line":10,"column":1}},"line":4}},"branchMap":{},"s":{"0":6,"1":6,"2":0},"f":{"0":6},"b":{},"_coverageSchema":"1a1c01bbd47fc00a2c39e90264f33305004495a9","hash":"5fda4dfee486f347e24ff336be81617d2bcf08dd"}
,"/usr/src/app/src/infrastructure/database/connection.js": {"path":"/usr/src/app/src/infrastructure/database/connection.js","statementMap":{"0":{"start":{"line":4,"column":13},"end":{"line":4,"column":30}}},"fnMap":{},"branchMap":{},"s":{"0":3},"f":{},"b":{},"_coverageSchema":"1a1c01bbd47fc00a2c39e90264f33305004495a9","hash":"80b601d92b551841437390a3032470a344f58d4d"}
,"/usr/src/app/src/infrastructure/database/database.js": {"path":"/usr/src/app/src/infrastructure/database/database.js","statementMap":{"0":{"start":{"line":5,"column":4},"end":{"line":9,"column":5}},"1":{"start":{"line":6,"column":8},"end":{"line":6,"column":50}},"2":{"start":{"line":8,"column":8},"end":{"line":8,"column":42}},"3":{"start":{"line":10,"column":4},"end":{"line":10,"column":66}},"4":{"start":{"line":14,"column":19},"end":{"line":14,"column":39}},"5":{"start":{"line":16,"column":4},"end":{"line":26,"column":5}},"6":{"start":{"line":17,"column":8},"end":{"line":17,"column":36}},"7":{"start":{"line":18,"column":26},"end":{"line":18,"column":48}},"8":{"start":{"line":19,"column":8},"end":{"line":19,"column":37}},"9":{"start":{"line":20,"column":8},"end":{"line":20,"column":70}},"10":{"start":{"line":22,"column":8},"end":{"line":22,"column":39}},"11":{"start":{"line":23,"column":8},"end":{"line":23,"column":20}},"12":{"start":{"line":25,"column":8},"end":{"line":25,"column":25}}},"fnMap":{"0":{"name":"execute","decl":{"start":{"line":3,"column":15},"end":{"line":3,"column":22}},"loc":{"start":{"line":3,"column":44},"end":{"line":11,"column":1}},"line":3},"1":{"name":"transaction","decl":{"start":{"line":13,"column":15},"end":{"line":13,"column":26}},"loc":{"start":{"line":13,"column":37},"end":{"line":27,"column":1}},"line":13}},"branchMap":{"0":{"loc":{"start":{"line":3,"column":28},"end":{"line":3,"column":42}},"type":"default-arg","locations":[{"start":{"line":3,"column":37},"end":{"line":3,"column":42}}],"line":3},"1":{"loc":{"start":{"line":5,"column":4},"end":{"line":9,"column":5}},"type":"if","locations":[{"start":{"line":5,"column":4},"end":{"line":9,"column":5}},{"start":{"line":7,"column":11},"end":{"line":9,"column":5}}],"line":5}},"s":{"0":42,"1":42,"2":0,"3":42,"4":0,"5":0,"6":0,"7":0,"8":0,"9":0,"10":0,"11":0,"12":0},"f":{"0":42,"1":0},"b":{"0":[0],"1":[42,0]},"_coverageSchema":"1a1c01bbd47fc00a2c39e90264f33305004495a9","hash":"a2eaebd0b767daf52f38c4dc75f9ed501d9f647f"}
,"/usr/src/app/src/infrastructure/errors/app.error.js": {"path":"/usr/src/app/src/infrastructure/errors/app.error.js","statementMap":{"0":{"start":{"line":3,"column":8},"end":{"line":3,"column":31}},"1":{"start":{"line":4,"column":8},"end":{"line":4,"column":34}},"2":{"start":{"line":5,"column":8},"end":{"line":5,"column":47}},"3":{"start":{"line":6,"column":8},"end":{"line":6,"column":46}}},"fnMap":{"0":{"name":"(anonymous_0)","decl":{"start":{"line":2,"column":4},"end":{"line":2,"column":5}},"loc":{"start":{"line":2,"column":26},"end":{"line":7,"column":5}},"line":2}},"branchMap":{"0":{"loc":{"start":{"line":5,"column":22},"end":{"line":5,"column":46}},"type":"binary-expr","locations":[{"start":{"line":5,"column":22},"end":{"line":5,"column":37}},{"start":{"line":5,"column":41},"end":{"line":5,"column":46}}],"line":5},"1":{"loc":{"start":{"line":6,"column":23},"end":{"line":6,"column":45}},"type":"binary-expr","locations":[{"start":{"line":6,"column":23},"end":{"line":6,"column":39}},{"start":{"line":6,"column":43},"end":{"line":6,"column":45}}],"line":6}},"s":{"0":15,"1":15,"2":15,"3":15},"f":{"0":15},"b":{"0":[15,0],"1":[15,12]},"_coverageSchema":"1a1c01bbd47fc00a2c39e90264f33305004495a9","hash":"7ac3369cb3dd564ccbb2d36ee653429e4b04d8a8"}
,"/usr/src/app/src/infrastructure/middlewares/auth.middleware.js": {"path":"/usr/src/app/src/infrastructure/middlewares/auth.middleware.js","statementMap":{"0":{"start":{"line":8,"column":23},"end":{"line":8,"column":48}},"1":{"start":{"line":10,"column":4},"end":{"line":12,"column":5}},"2":{"start":{"line":11,"column":8},"end":{"line":11,"column":56}},"3":{"start":{"line":14,"column":22},"end":{"line":14,"column":43}},"4":{"start":{"line":16,"column":4},"end":{"line":18,"column":5}},"5":{"start":{"line":17,"column":8},"end":{"line":17,"column":56}},"6":{"start":{"line":20,"column":4},"end":{"line":31,"column":5}},"7":{"start":{"line":21,"column":24},"end":{"line":21,"column":59}},"8":{"start":{"line":23,"column":8},"end":{"line":26,"column":10}},"9":{"start":{"line":28,"column":8},"end":{"line":28,"column":15}},"10":{"start":{"line":30,"column":8},"end":{"line":30,"column":52}}},"fnMap":{"0":{"name":"authMiddleware","decl":{"start":{"line":7,"column":9},"end":{"line":7,"column":23}},"loc":{"start":{"line":7,"column":40},"end":{"line":32,"column":1}},"line":7}},"branchMap":{"0":{"loc":{"start":{"line":10,"column":4},"end":{"line":12,"column":5}},"type":"if","locations":[{"start":{"line":10,"column":4},"end":{"line":12,"column":5}},{"start":{},"end":{}}],"line":10},"1":{"loc":{"start":{"line":16,"column":4},"end":{"line":18,"column":5}},"type":"if","locations":[{"start":{"line":16,"column":4},"end":{"line":18,"column":5}},{"start":{},"end":{}}],"line":16},"2":{"loc":{"start":{"line":25,"column":23},"end":{"line":25,"column":57}},"type":"binary-expr","locations":[{"start":{"line":25,"column":23},"end":{"line":25,"column":40}},{"start":{"line":25,"column":45},"end":{"line":25,"column":57}}],"line":25}},"s":{"0":24,"1":24,"2":1,"3":23,"4":23,"5":0,"6":23,"7":23,"8":23,"9":23,"10":0},"f":{"0":24},"b":{"0":[1,23],"1":[0,23],"2":[23,0]},"_coverageSchema":"1a1c01bbd47fc00a2c39e90264f33305004495a9","hash":"9e97a9daf5e3dd33a87129ba99439226ea8b588e"}
,"/usr/src/app/src/infrastructure/middlewares/error.middleware.js": {"path":"/usr/src/app/src/infrastructure/middlewares/error.middleware.js","statementMap":{"0":{"start":{"line":5,"column":4},"end":{"line":12,"column":5}},"1":{"start":{"line":6,"column":8},"end":{"line":6,"column":55}},"2":{"start":{"line":7,"column":8},"end":{"line":11,"column":11}},"3":{"start":{"line":13,"column":4},"end":{"line":21,"column":5}},"4":{"start":{"line":14,"column":30},"end":{"line":14,"column":52}},"5":{"start":{"line":15,"column":24},"end":{"line":15,"column":49}},"6":{"start":{"line":16,"column":8},"end":{"line":20,"column":11}},"7":{"start":{"line":23,"column":4},"end":{"line":23,"column":25}},"8":{"start":{"line":24,"column":4},"end":{"line":24,"column":118}}},"fnMap":{"0":{"name":"errorMiddleware","decl":{"start":{"line":4,"column":9},"end":{"line":4,"column":24}},"loc":{"start":{"line":4,"column":48},"end":{"line":25,"column":1}},"line":4}},"branchMap":{"0":{"loc":{"start":{"line":5,"column":4},"end":{"line":12,"column":5}},"type":"if","locations":[{"start":{"line":5,"column":4},"end":{"line":12,"column":5}},{"start":{},"end":{}}],"line":5},"1":{"loc":{"start":{"line":10,"column":21},"end":{"line":10,"column":40}},"type":"binary-expr","locations":[{"start":{"line":10,"column":21},"end":{"line":10,"column":34}},{"start":{"line":10,"column":38},"end":{"line":10,"column":40}}],"line":10},"2":{"loc":{"start":{"line":13,"column":4},"end":{"line":21,"column":5}},"type":"if","locations":[{"start":{"line":13,"column":4},"end":{"line":21,"column":5}},{"start":{},"end":{}}],"line":13}},"s":{"0":6,"1":4,"2":4,"3":2,"4":1,"5":1,"6":1,"7":1,"8":1},"f":{"0":6},"b":{"0":[4,2],"1":[4,0],"2":[1,1]},"_coverageSchema":"1a1c01bbd47fc00a2c39e90264f33305004495a9","hash":"cc3e2dc7ddc38bfe50a2d0bc4f390b164e08f677"}
,"/usr/src/app/src/modules/despesaParticipante.module.js": {"path":"/usr/src/app/src/modules/despesaParticipante.module.js","statementMap":{"0":{"start":{"line":8,"column":26},"end":{"line":8,"column":51}},"1":{"start":{"line":9,"column":23},"end":{"line":9,"column":82}},"2":{"start":{"line":10,"column":26},"end":{"line":10,"column":50}}},"fnMap":{},"branchMap":{},"s":{"0":3,"1":3,"2":3},"f":{},"b":{},"_coverageSchema":"1a1c01bbd47fc00a2c39e90264f33305004495a9","hash":"8e35e31014c1ad94a738ed4cbc27284f15b56862"}
,"/usr/src/app/src/modules/divisao.module.js": {"path":"/usr/src/app/src/modules/divisao.module.js","statementMap":{"0":{"start":{"line":7,"column":23},"end":{"line":7,"column":104}},"1":{"start":{"line":8,"column":26},"end":{"line":8,"column":50}}},"fnMap":{},"branchMap":{},"s":{"0":3,"1":3},"f":{},"b":{},"_coverageSchema":"1a1c01bbd47fc00a2c39e90264f33305004495a9","hash":"ef60a0572cbfc42857e777a1f7fa1c392a29be29"}
,"/usr/src/app/src/modules/grupo.module.js": {"path":"/usr/src/app/src/modules/grupo.module.js","statementMap":{"0":{"start":{"line":6,"column":26},"end":{"line":6,"column":51}},"1":{"start":{"line":7,"column":23},"end":{"line":7,"column":47}},"2":{"start":{"line":8,"column":26},"end":{"line":8,"column":50}}},"fnMap":{},"branchMap":{},"s":{"0":3,"1":3,"2":3},"f":{},"b":{},"_coverageSchema":"1a1c01bbd47fc00a2c39e90264f33305004495a9","hash":"a17b2c809cc27c23c17bc1cb601bab5325f6b2e4"}
,"/usr/src/app/src/modules/participante.module.js": {"path":"/usr/src/app/src/modules/participante.module.js","statementMap":{"0":{"start":{"line":7,"column":26},"end":{"line":7,"column":51}},"1":{"start":{"line":8,"column":23},"end":{"line":8,"column":61}},"2":{"start":{"line":9,"column":26},"end":{"line":9,"column":50}}},"fnMap":{},"branchMap":{},"s":{"0":3,"1":3,"2":3},"f":{},"b":{},"_coverageSchema":"1a1c01bbd47fc00a2c39e90264f33305004495a9","hash":"fa435ffc0edde5c67c1a12cc7928c8b5f89bbf4d"}
,"/usr/src/app/src/repository/despesaParticipante.repository.js": {"path":"/usr/src/app/src/repository/despesaParticipante.repository.js","statementMap":{"0":{"start":{"line":3,"column":20},"end":{"line":3,"column":81}},"1":{"start":{"line":4,"column":8},"end":{"line":4,"column":53}},"2":{"start":{"line":8,"column":20},"end":{"line":8,"column":80}},"3":{"start":{"line":9,"column":8},"end":{"line":9,"column":52}},"4":{"start":{"line":13,"column":20},"end":{"line":14,"column":57}},"5":{"start":{"line":15,"column":26},"end":{"line":20,"column":10}},"6":{"start":{"line":21,"column":8},"end":{"line":21,"column":33}},"7":{"start":{"line":25,"column":20},"end":{"line":25,"column":78}},"8":{"start":{"line":26,"column":8},"end":{"line":26,"column":52}},"9":{"start":{"line":29,"column":4},"end":{"line":29,"column":71}}},"fnMap":{"0":{"name":"criarRepositoryDespesaParticipante","decl":{"start":{"line":1,"column":9},"end":{"line":1,"column":43}},"loc":{"start":{"line":1,"column":54},"end":{"line":30,"column":1}},"line":1},"1":{"name":"listarPorDespesa","decl":{"start":{"line":2,"column":19},"end":{"line":2,"column":35}},"loc":{"start":{"line":2,"column":44},"end":{"line":5,"column":5}},"line":2},"2":{"name":"getById","decl":{"start":{"line":7,"column":19},"end":{"line":7,"column":26}},"loc":{"start":{"line":7,"column":34},"end":{"line":10,"column":5}},"line":7},"3":{"name":"criarVinculo","decl":{"start":{"line":12,"column":19},"end":{"line":12,"column":31}},"loc":{"start":{"line":12,"column":40},"end":{"line":22,"column":5}},"line":12},"4":{"name":"deletarVinculo","decl":{"start":{"line":24,"column":19},"end":{"line":24,"column":33}},"loc":{"start":{"line":24,"column":41},"end":{"line":27,"column":5}},"line":24}},"branchMap":{"0":{"loc":{"start":{"line":19,"column":12},"end":{"line":19,"column":34}},"type":"binary-expr","locations":[{"start":{"line":19,"column":12},"end":{"line":19,"column":26}},{"start":{"line":19,"column":30},"end":{"line":19,"column":34}}],"line":19}},"s":{"0":2,"1":2,"2":0,"3":0,"4":1,"5":1,"6":1,"7":0,"8":0,"9":3},"f":{"0":3,"1":2,"2":0,"3":1,"4":0},"b":{"0":[1,1]},"_coverageSchema":"1a1c01bbd47fc00a2c39e90264f33305004495a9","hash":"9f5f90e410a9a0b57c6c862eb1eb6b4ea1555b0b"}
,"/usr/src/app/src/repository/grupo.repository.js": {"path":"/usr/src/app/src/repository/grupo.repository.js","statementMap":{"0":{"start":{"line":3,"column":20},"end":{"line":3,"column":72}},"1":{"start":{"line":4,"column":8},"end":{"line":4,"column":58}},"2":{"start":{"line":8,"column":20},"end":{"line":8,"column":67}},"3":{"start":{"line":9,"column":8},"end":{"line":9,"column":53}},"4":{"start":{"line":13,"column":20},"end":{"line":13,"column":99}},"5":{"start":{"line":14,"column":26},"end":{"line":14,"column":92}},"6":{"start":{"line":15,"column":8},"end":{"line":15,"column":33}},"7":{"start":{"line":19,"column":20},"end":{"line":19,"column":90}},"8":{"start":{"line":20,"column":26},"end":{"line":20,"column":87}},"9":{"start":{"line":21,"column":8},"end":{"line":21,"column":33}},"10":{"start":{"line":25,"column":20},"end":{"line":25,"column":65}},"11":{"start":{"line":26,"column":8},"end":{"line":26,"column":53}},"12":{"start":{"line":29,"column":4},"end":{"line":29,"column":80}}},"fnMap":{"0":{"name":"criarRepositoryGrupo","decl":{"start":{"line":1,"column":9},"end":{"line":1,"column":29}},"loc":{"start":{"line":1,"column":40},"end":{"line":30,"column":1}},"line":1},"1":{"name":"listarPorUsuario","decl":{"start":{"line":2,"column":19},"end":{"line":2,"column":35}},"loc":{"start":{"line":2,"column":49},"end":{"line":5,"column":5}},"line":2},"2":{"name":"getById","decl":{"start":{"line":7,"column":19},"end":{"line":7,"column":26}},"loc":{"start":{"line":7,"column":35},"end":{"line":10,"column":5}},"line":7},"3":{"name":"criarGrupo","decl":{"start":{"line":12,"column":19},"end":{"line":12,"column":29}},"loc":{"start":{"line":12,"column":38},"end":{"line":16,"column":5}},"line":12},"4":{"name":"editarGrupo","decl":{"start":{"line":18,"column":19},"end":{"line":18,"column":30}},"loc":{"start":{"line":18,"column":39},"end":{"line":22,"column":5}},"line":18},"5":{"name":"deletarGrupo","decl":{"start":{"line":24,"column":19},"end":{"line":24,"column":31}},"loc":{"start":{"line":24,"column":40},"end":{"line":27,"column":5}},"line":24}},"branchMap":{},"s":{"0":0,"1":0,"2":13,"3":13,"4":5,"5":5,"6":5,"7":1,"8":1,"9":1,"10":0,"11":0,"12":3},"f":{"0":3,"1":0,"2":13,"3":5,"4":1,"5":0},"b":{},"_coverageSchema":"1a1c01bbd47fc00a2c39e90264f33305004495a9","hash":"775765821d2d9b7cd5dba86c8b4673110734d5fb"}
,"/usr/src/app/src/repository/participante.repository.js": {"path":"/usr/src/app/src/repository/participante.repository.js","statementMap":{"0":{"start":{"line":3,"column":20},"end":{"line":3,"column":74}},"1":{"start":{"line":4,"column":8},"end":{"line":4,"column":53}},"2":{"start":{"line":8,"column":20},"end":{"line":8,"column":74}},"3":{"start":{"line":9,"column":8},"end":{"line":9,"column":53}},"4":{"start":{"line":14,"column":20},"end":{"line":14,"column":95}},"5":{"start":{"line":15,"column":26},"end":{"line":15,"column":63}},"6":{"start":{"line":16,"column":8},"end":{"line":16,"column":39}},"7":{"start":{"line":20,"column":20},"end":{"line":21,"column":57}},"8":{"start":{"line":22,"column":26},"end":{"line":27,"column":10}},"9":{"start":{"line":28,"column":8},"end":{"line":28,"column":33}},"10":{"start":{"line":32,"column":20},"end":{"line":35,"column":51}},"11":{"start":{"line":36,"column":26},"end":{"line":40,"column":10}},"12":{"start":{"line":41,"column":8},"end":{"line":41,"column":33}},"13":{"start":{"line":45,"column":20},"end":{"line":45,"column":72}},"14":{"start":{"line":46,"column":8},"end":{"line":46,"column":53}},"15":{"start":{"line":49,"column":4},"end":{"line":56,"column":6}}},"fnMap":{"0":{"name":"criarRepositoryParticipante","decl":{"start":{"line":1,"column":9},"end":{"line":1,"column":36}},"loc":{"start":{"line":1,"column":47},"end":{"line":57,"column":1}},"line":1},"1":{"name":"listarPorGrupo","decl":{"start":{"line":2,"column":19},"end":{"line":2,"column":33}},"loc":{"start":{"line":2,"column":42},"end":{"line":5,"column":5}},"line":2},"2":{"name":"getById","decl":{"start":{"line":7,"column":19},"end":{"line":7,"column":26}},"loc":{"start":{"line":7,"column":35},"end":{"line":10,"column":5}},"line":7},"3":{"name":"contarPorGrupo","decl":{"start":{"line":13,"column":19},"end":{"line":13,"column":33}},"loc":{"start":{"line":13,"column":42},"end":{"line":17,"column":5}},"line":13},"4":{"name":"criarParticipante","decl":{"start":{"line":19,"column":19},"end":{"line":19,"column":36}},"loc":{"start":{"line":19,"column":45},"end":{"line":29,"column":5}},"line":19},"5":{"name":"editarParticipante","decl":{"start":{"line":31,"column":19},"end":{"line":31,"column":37}},"loc":{"start":{"line":31,"column":46},"end":{"line":42,"column":5}},"line":31},"6":{"name":"deletarParticipante","decl":{"start":{"line":44,"column":19},"end":{"line":44,"column":38}},"loc":{"start":{"line":44,"column":47},"end":{"line":47,"column":5}},"line":44}},"branchMap":{"0":{"loc":{"start":{"line":24,"column":12},"end":{"line":24,"column":33}},"type":"binary-expr","locations":[{"start":{"line":24,"column":12},"end":{"line":24,"column":25}},{"start":{"line":24,"column":29},"end":{"line":24,"column":33}}],"line":24},"1":{"loc":{"start":{"line":37,"column":12},"end":{"line":37,"column":35}},"type":"binary-expr","locations":[{"start":{"line":37,"column":12},"end":{"line":37,"column":27}},{"start":{"line":37,"column":31},"end":{"line":37,"column":35}}],"line":37},"2":{"loc":{"start":{"line":38,"column":12},"end":{"line":38,"column":37}},"type":"binary-expr","locations":[{"start":{"line":38,"column":12},"end":{"line":38,"column":29}},{"start":{"line":38,"column":33},"end":{"line":38,"column":37}}],"line":38}},"s":{"0":3,"1":3,"2":2,"3":2,"4":8,"5":8,"6":8,"7":7,"8":7,"9":7,"10":0,"11":0,"12":0,"13":0,"14":0,"15":3},"f":{"0":3,"1":3,"2":2,"3":8,"4":7,"5":0,"6":0},"b":{"0":[7,7],"1":[0,0],"2":[0,0]},"_coverageSchema":"1a1c01bbd47fc00a2c39e90264f33305004495a9","hash":"59172dc4e8556600073febb69e1db17e885ba5c5"}
,"/usr/src/app/src/routes/despesaParticipante.routes.js": {"path":"/usr/src/app/src/routes/despesaParticipante.routes.js","statementMap":{"0":{"start":{"line":5,"column":15},"end":{"line":5,"column":23}},"1":{"start":{"line":7,"column":0},"end":{"line":7,"column":27}},"2":{"start":{"line":9,"column":0},"end":{"line":9,"column":59}},"3":{"start":{"line":10,"column":0},"end":{"line":10,"column":42}},"4":{"start":{"line":11,"column":0},"end":{"line":11,"column":49}}},"fnMap":{},"branchMap":{},"s":{"0":3,"1":3,"2":3,"3":3,"4":3},"f":{},"b":{},"_coverageSchema":"1a1c01bbd47fc00a2c39e90264f33305004495a9","hash":"ef294e0b4c6d7daebbd322f27be4bcf91984672b"}
,"/usr/src/app/src/routes/divisao.routes.js": {"path":"/usr/src/app/src/routes/divisao.routes.js","statementMap":{"0":{"start":{"line":5,"column":15},"end":{"line":5,"column":44}},"1":{"start":{"line":7,"column":0},"end":{"line":7,"column":27}},"2":{"start":{"line":9,"column":0},"end":{"line":9,"column":52}}},"fnMap":{},"branchMap":{},"s":{"0":3,"1":3,"2":3},"f":{},"b":{},"_coverageSchema":"1a1c01bbd47fc00a2c39e90264f33305004495a9","hash":"c26c651bf13fef00d1bee7ebf626804fdfc1d10f"}
,"/usr/src/app/src/routes/grupo.routes.js": {"path":"/usr/src/app/src/routes/grupo.routes.js","statementMap":{"0":{"start":{"line":5,"column":15},"end":{"line":5,"column":23}},"1":{"start":{"line":7,"column":0},"end":{"line":7,"column":27}},"2":{"start":{"line":9,"column":0},"end":{"line":9,"column":45}},"3":{"start":{"line":10,"column":0},"end":{"line":10,"column":39}},"4":{"start":{"line":11,"column":0},"end":{"line":11,"column":40}},"5":{"start":{"line":12,"column":0},"end":{"line":12,"column":43}},"6":{"start":{"line":13,"column":0},"end":{"line":13,"column":47}}},"fnMap":{},"branchMap":{},"s":{"0":3,"1":3,"2":3,"3":3,"4":3,"5":3,"6":3},"f":{},"b":{},"_coverageSchema":"1a1c01bbd47fc00a2c39e90264f33305004495a9","hash":"8f9d7027c0e046fa606185e947647d88e6b021b8"}
,"/usr/src/app/src/routes/participante.routes.js": {"path":"/usr/src/app/src/routes/participante.routes.js","statementMap":{"0":{"start":{"line":5,"column":15},"end":{"line":5,"column":23}},"1":{"start":{"line":7,"column":0},"end":{"line":7,"column":27}},"2":{"start":{"line":9,"column":0},"end":{"line":9,"column":55}},"3":{"start":{"line":10,"column":0},"end":{"line":10,"column":39}},"4":{"start":{"line":11,"column":0},"end":{"line":11,"column":47}},"5":{"start":{"line":12,"column":0},"end":{"line":12,"column":50}},"6":{"start":{"line":13,"column":0},"end":{"line":13,"column":54}}},"fnMap":{},"branchMap":{},"s":{"0":3,"1":3,"2":3,"3":3,"4":3,"5":3,"6":3},"f":{},"b":{},"_coverageSchema":"1a1c01bbd47fc00a2c39e90264f33305004495a9","hash":"8b48acd4912f5202dc5fcbd9d0fe687bea1588fb"}
,"/usr/src/app/src/service/despesaParticipante.service.js": {"path":"/usr/src/app/src/service/despesaParticipante.service.js","statementMap":{"0":{"start":{"line":6,"column":8},"end":{"line":6,"column":57}},"1":{"start":{"line":11,"column":35},"end":{"line":11,"column":83}},"2":{"start":{"line":12,"column":29},"end":{"line":12,"column":55}},"3":{"start":{"line":14,"column":8},"end":{"line":14,"column":78}},"4":{"start":{"line":16,"column":8},"end":{"line":16,"column":53}},"5":{"start":{"line":20,"column":26},"end":{"line":20,"column":57}},"6":{"start":{"line":21,"column":8},"end":{"line":23,"column":9}},"7":{"start":{"line":22,"column":12},"end":{"line":22,"column":69}},"8":{"start":{"line":24,"column":8},"end":{"line":24,"column":54}},"9":{"start":{"line":27,"column":4},"end":{"line":27,"column":62}}},"fnMap":{"0":{"name":"criarServiceDespesaParticipante","decl":{"start":{"line":4,"column":9},"end":{"line":4,"column":40}},"loc":{"start":{"line":4,"column":88},"end":{"line":28,"column":1}},"line":4},"1":{"name":"listarPorDespesa","decl":{"start":{"line":5,"column":19},"end":{"line":5,"column":35}},"loc":{"start":{"line":5,"column":44},"end":{"line":7,"column":5}},"line":5},"2":{"name":"criarVinculo","decl":{"start":{"line":9,"column":19},"end":{"line":9,"column":31}},"loc":{"start":{"line":9,"column":49},"end":{"line":17,"column":5}},"line":9},"3":{"name":"deletarVinculo","decl":{"start":{"line":19,"column":19},"end":{"line":19,"column":33}},"loc":{"start":{"line":19,"column":41},"end":{"line":25,"column":5}},"line":19}},"branchMap":{"0":{"loc":{"start":{"line":21,"column":8},"end":{"line":23,"column":9}},"type":"if","locations":[{"start":{"line":21,"column":8},"end":{"line":23,"column":9}},{"start":{},"end":{}}],"line":21}},"s":{"0":0,"1":3,"2":3,"3":3,"4":2,"5":2,"6":2,"7":1,"8":1,"9":7},"f":{"0":7,"1":0,"2":3,"3":2},"b":{"0":[1,1]},"_coverageSchema":"1a1c01bbd47fc00a2c39e90264f33305004495a9","hash":"983fa86a0f15e0f18b1494704c83f87171b8aaff"}
,"/usr/src/app/src/service/divisao.service.js": {"path":"/usr/src/app/src/service/divisao.service.js","statementMap":{"0":{"start":{"line":6,"column":8},"end":{"line":6,"column":43}},"1":{"start":{"line":8,"column":30},"end":{"line":8,"column":88}},"2":{"start":{"line":9,"column":25},"end":{"line":9,"column":92}},"3":{"start":{"line":11,"column":39},"end":{"line":11,"column":80}},"4":{"start":{"line":11,"column":65},"end":{"line":11,"column":78}},"5":{"start":{"line":12,"column":27},"end":{"line":12,"column":63}},"6":{"start":{"line":12,"column":48},"end":{"line":12,"column":62}},"7":{"start":{"line":15,"column":26},"end":{"line":25,"column":19}},"8":{"start":{"line":16,"column":35},"end":{"line":19,"column":13}},"9":{"start":{"line":17,"column":54},"end":{"line":17,"column":75}},"10":{"start":{"line":21,"column":29},"end":{"line":21,"column":42}},"11":{"start":{"line":22,"column":27},"end":{"line":25,"column":17}},"12":{"start":{"line":27,"column":26},"end":{"line":27,"column":71}},"13":{"start":{"line":27,"column":55},"end":{"line":27,"column":67}},"14":{"start":{"line":29,"column":8},"end":{"line":34,"column":9}},"15":{"start":{"line":30,"column":12},"end":{"line":33,"column":15}},"16":{"start":{"line":36,"column":8},"end":{"line":41,"column":12}},"17":{"start":{"line":36,"column":35},"end":{"line":41,"column":9}},"18":{"start":{"line":44,"column":4},"end":{"line":44,"column":38}}},"fnMap":{"0":{"name":"criarServiceDivisao","decl":{"start":{"line":4,"column":9},"end":{"line":4,"column":28}},"loc":{"start":{"line":4,"column":98},"end":{"line":45,"column":1}},"line":4},"1":{"name":"calcularDivisaoDespesa","decl":{"start":{"line":5,"column":19},"end":{"line":5,"column":41}},"loc":{"start":{"line":5,"column":69},"end":{"line":42,"column":5}},"line":5},"2":{"name":"(anonymous_2)","decl":{"start":{"line":11,"column":60},"end":{"line":11,"column":61}},"loc":{"start":{"line":11,"column":65},"end":{"line":11,"column":78}},"line":11},"3":{"name":"(anonymous_3)","decl":{"start":{"line":12,"column":43},"end":{"line":12,"column":44}},"loc":{"start":{"line":12,"column":48},"end":{"line":12,"column":62}},"line":12},"4":{"name":"(anonymous_4)","decl":{"start":{"line":16,"column":29},"end":{"line":16,"column":30}},"loc":{"start":{"line":16,"column":35},"end":{"line":19,"column":13}},"line":16},"5":{"name":"(anonymous_5)","decl":{"start":{"line":17,"column":49},"end":{"line":17,"column":50}},"loc":{"start":{"line":17,"column":54},"end":{"line":17,"column":75}},"line":17},"6":{"name":"(anonymous_6)","decl":{"start":{"line":21,"column":24},"end":{"line":21,"column":25}},"loc":{"start":{"line":21,"column":29},"end":{"line":21,"column":42}},"line":21},"7":{"name":"(anonymous_7)","decl":{"start":{"line":22,"column":21},"end":{"line":22,"column":22}},"loc":{"start":{"line":22,"column":27},"end":{"line":25,"column":17}},"line":22},"8":{"name":"(anonymous_8)","decl":{"start":{"line":27,"column":43},"end":{"line":27,"column":44}},"loc":{"start":{"line":27,"column":55},"end":{"line":27,"column":67}},"line":27},"9":{"name":"(anonymous_9)","decl":{"start":{"line":36,"column":29},"end":{"line":36,"column":30}},"loc":{"start":{"line":36,"column":35},"end":{"line":41,"column":9}},"line":36}},"branchMap":{"0":{"loc":{"start":{"line":15,"column":26},"end":{"line":25,"column":19}},"type":"cond-expr","locations":[{"start":{"line":16,"column":14},"end":{"line":19,"column":15}},{"start":{"line":20,"column":14},"end":{"line":25,"column":19}}],"line":15},"1":{"loc":{"start":{"line":18,"column":29},"end":{"line":18,"column":43}},"type":"binary-expr","locations":[{"start":{"line":18,"column":29},"end":{"line":18,"column":38}},{"start":{"line":18,"column":42},"end":{"line":18,"column":43}}],"line":18},"2":{"loc":{"start":{"line":24,"column":33},"end":{"line":24,"column":83}},"type":"binary-expr","locations":[{"start":{"line":24,"column":33},"end":{"line":24,"column":78}},{"start":{"line":24,"column":82},"end":{"line":24,"column":83}}],"line":24},"3":{"loc":{"start":{"line":29,"column":8},"end":{"line":34,"column":9}},"type":"if","locations":[{"start":{"line":29,"column":8},"end":{"line":34,"column":9}},{"start":{},"end":{}}],"line":29}},"s":{"0":8,"1":7,"2":7,"3":7,"4":4,"5":7,"6":4,"7":7,"8":3,"9":5,"10":9,"11":7,"12":7,"13":10,"14":7,"15":1,"16":6,"17":9,"18":9},"f":{"0":9,"1":8,"2":4,"3":4,"4":3,"5":5,"6":9,"7":7,"8":10,"9":9},"b":{"0":[2,5],"1":[3,3],"2":[7,6],"3":[1,6]},"_coverageSchema":"1a1c01bbd47fc00a2c39e90264f33305004495a9","hash":"0974d30bcc6f18dd95d7306f559bb318388089a4"}
,"/usr/src/app/src/service/grupo.service.js": {"path":"/usr/src/app/src/service/grupo.service.js","statementMap":{"0":{"start":{"line":6,"column":8},"end":{"line":6,"column":57}},"1":{"start":{"line":10,"column":26},"end":{"line":10,"column":58}},"2":{"start":{"line":11,"column":8},"end":{"line":13,"column":9}},"3":{"start":{"line":12,"column":12},"end":{"line":12,"column":62}},"4":{"start":{"line":14,"column":8},"end":{"line":14,"column":33}},"5":{"start":{"line":18,"column":8},"end":{"line":18,"column":87}},"6":{"start":{"line":22,"column":8},"end":{"line":22,"column":59}},"7":{"start":{"line":23,"column":8},"end":{"line":23,"column":52}},"8":{"start":{"line":27,"column":8},"end":{"line":27,"column":52}},"9":{"start":{"line":28,"column":8},"end":{"line":28,"column":53}},"10":{"start":{"line":33,"column":22},"end":{"line":33,"column":43}},"11":{"start":{"line":34,"column":8},"end":{"line":36,"column":9}},"12":{"start":{"line":35,"column":12},"end":{"line":35,"column":55}},"13":{"start":{"line":37,"column":8},"end":{"line":37,"column":21}},"14":{"start":{"line":40,"column":4},"end":{"line":40,"column":95}}},"fnMap":{"0":{"name":"criarServiceGrupo","decl":{"start":{"line":4,"column":9},"end":{"line":4,"column":26}},"loc":{"start":{"line":4,"column":39},"end":{"line":41,"column":1}},"line":4},"1":{"name":"listarPorUsuario","decl":{"start":{"line":5,"column":19},"end":{"line":5,"column":35}},"loc":{"start":{"line":5,"column":44},"end":{"line":7,"column":5}},"line":5},"2":{"name":"getById","decl":{"start":{"line":9,"column":19},"end":{"line":9,"column":26}},"loc":{"start":{"line":9,"column":35},"end":{"line":15,"column":5}},"line":9},"3":{"name":"criarGrupo","decl":{"start":{"line":17,"column":19},"end":{"line":17,"column":29}},"loc":{"start":{"line":17,"column":47},"end":{"line":19,"column":5}},"line":17},"4":{"name":"editarGrupo","decl":{"start":{"line":21,"column":19},"end":{"line":21,"column":30}},"loc":{"start":{"line":21,"column":48},"end":{"line":24,"column":5}},"line":21},"5":{"name":"deletarGrupo","decl":{"start":{"line":26,"column":19},"end":{"line":26,"column":31}},"loc":{"start":{"line":26,"column":49},"end":{"line":29,"column":5}},"line":26},"6":{"name":"verificarDono","decl":{"start":{"line":32,"column":19},"end":{"line":32,"column":32}},"loc":{"start":{"line":32,"column":49},"end":{"line":38,"column":5}},"line":32}},"branchMap":{"0":{"loc":{"start":{"line":11,"column":8},"end":{"line":13,"column":9}},"type":"if","locations":[{"start":{"line":11,"column":8},"end":{"line":13,"column":9}},{"start":{},"end":{}}],"line":11},"1":{"loc":{"start":{"line":34,"column":8},"end":{"line":36,"column":9}},"type":"if","locations":[{"start":{"line":34,"column":8},"end":{"line":36,"column":9}},{"start":{},"end":{}}],"line":34}},"s":{"0":0,"1":19,"2":19,"3":1,"4":18,"5":6,"6":3,"7":1,"8":1,"9":0,"10":15,"11":15,"12":4,"13":11,"14":10},"f":{"0":10,"1":0,"2":19,"3":6,"4":3,"5":1,"6":15},"b":{"0":[1,18],"1":[4,11]},"_coverageSchema":"1a1c01bbd47fc00a2c39e90264f33305004495a9","hash":"b45ecab2bb6293cc999a9eb2790a219a67da6faa"}
,"/usr/src/app/src/service/participante.service.js": {"path":"/usr/src/app/src/service/participante.service.js","statementMap":{"0":{"start":{"line":7,"column":8},"end":{"line":7,"column":55}},"1":{"start":{"line":11,"column":26},"end":{"line":11,"column":58}},"2":{"start":{"line":12,"column":8},"end":{"line":14,"column":9}},"3":{"start":{"line":13,"column":12},"end":{"line":13,"column":69}},"4":{"start":{"line":15,"column":8},"end":{"line":15,"column":25}},"5":{"start":{"line":20,"column":8},"end":{"line":20,"column":72}},"6":{"start":{"line":22,"column":22},"end":{"line":22,"column":56}},"7":{"start":{"line":23,"column":23},"end":{"line":23,"column":108}},"8":{"start":{"line":25,"column":27},"end":{"line":25,"column":73}},"9":{"start":{"line":27,"column":8},"end":{"line":32,"column":9}},"10":{"start":{"line":28,"column":12},"end":{"line":31,"column":15}},"11":{"start":{"line":34,"column":8},"end":{"line":34,"column":58}},"12":{"start":{"line":38,"column":8},"end":{"line":38,"column":37}},"13":{"start":{"line":39,"column":8},"end":{"line":39,"column":59}},"14":{"start":{"line":43,"column":8},"end":{"line":43,"column":30}},"15":{"start":{"line":44,"column":8},"end":{"line":44,"column":60}},"16":{"start":{"line":47,"column":4},"end":{"line":47,"column":99}}},"fnMap":{"0":{"name":"criarServiceParticipante","decl":{"start":{"line":5,"column":9},"end":{"line":5,"column":33}},"loc":{"start":{"line":5,"column":60},"end":{"line":48,"column":1}},"line":5},"1":{"name":"listarPorGrupo","decl":{"start":{"line":6,"column":19},"end":{"line":6,"column":33}},"loc":{"start":{"line":6,"column":42},"end":{"line":8,"column":5}},"line":6},"2":{"name":"getById","decl":{"start":{"line":10,"column":19},"end":{"line":10,"column":26}},"loc":{"start":{"line":10,"column":35},"end":{"line":16,"column":5}},"line":10},"3":{"name":"criarParticipante","decl":{"start":{"line":18,"column":19},"end":{"line":18,"column":36}},"loc":{"start":{"line":18,"column":54},"end":{"line":35,"column":5}},"line":18},"4":{"name":"editarParticipante","decl":{"start":{"line":37,"column":19},"end":{"line":37,"column":37}},"loc":{"start":{"line":37,"column":46},"end":{"line":40,"column":5}},"line":37},"5":{"name":"deletarParticipante","decl":{"start":{"line":42,"column":19},"end":{"line":42,"column":38}},"loc":{"start":{"line":42,"column":47},"end":{"line":45,"column":5}},"line":42}},"branchMap":{"0":{"loc":{"start":{"line":12,"column":8},"end":{"line":14,"column":9}},"type":"if","locations":[{"start":{"line":12,"column":8},"end":{"line":14,"column":9}},{"start":{},"end":{}}],"line":12},"1":{"loc":{"start":{"line":22,"column":22},"end":{"line":22,"column":56}},"type":"binary-expr","locations":[{"start":{"line":22,"column":22},"end":{"line":22,"column":40}},{"start":{"line":22,"column":44},"end":{"line":22,"column":56}}],"line":22},"2":{"loc":{"start":{"line":23,"column":23},"end":{"line":23,"column":108}},"type":"binary-expr","locations":[{"start":{"line":23,"column":23},"end":{"line":23,"column":60}},{"start":{"line":23,"column":64},"end":{"line":23,"column":108}}],"line":23},"3":{"loc":{"start":{"line":27,"column":8},"end":{"line":32,"column":9}},"type":"if","locations":[{"start":{"line":27,"column":8},"end":{"line":32,"column":9}},{"start":{},"end":{}}],"line":27}},"s":{"0":1,"1":5,"2":5,"3":4,"4":1,"5":13,"6":12,"7":12,"8":12,"9":12,"10":3,"11":9,"12":2,"13":0,"14":1,"15":0,"16":11},"f":{"0":11,"1":1,"2":5,"3":13,"4":2,"5":1},"b":{"0":[4,1],"1":[12,1],"2":[12,0],"3":[3,9]},"_coverageSchema":"1a1c01bbd47fc00a2c39e90264f33305004495a9","hash":"0581469ed78e285e7ccd5cbf7d16a14e5098d8a2"}
,"/usr/src/app/src/shared/constants/planos.js": {"path":"/usr/src/app/src/shared/constants/planos.js","statementMap":{"0":{"start":{"line":2,"column":39},"end":{"line":5,"column":2}},"1":{"start":{"line":7,"column":21},"end":{"line":7,"column":27}}},"fnMap":{},"branchMap":{},"s":{"0":4,"1":4},"f":{},"b":{},"_coverageSchema":"1a1c01bbd47fc00a2c39e90264f33305004495a9","hash":"1bececcbd5ede6352e73a4d1ab8e0cd8ff6d44d2"}
,"/usr/src/app/src/shared/constants/response.js": {"path":"/usr/src/app/src/shared/constants/response.js","statementMap":{"0":{"start":{"line":1,"column":17},"end":{"line":46,"column":2}}},"fnMap":{},"branchMap":{},"s":{"0":7},"f":{},"b":{},"_coverageSchema":"1a1c01bbd47fc00a2c39e90264f33305004495a9","hash":"38b68ebe93ed6bea0a202e5e0c060c2fe4443300"}
}
