TN:
SF:src/app.js
FNF:0
FNH:0
DA:7,3
DA:9,3
DA:10,3
DA:12,3
DA:14,3
LF:5
LH:5
BRF:0
BRH:0
end_of_record
TN:
SF:src/routes.js
FN:14,(anonymous_0)
FNF:1
FNH:0
FNDA:0,(anonymous_0)
DA:7,3
DA:9,3
DA:10,3
DA:11,3
DA:12,3
DA:14,3
DA:15,0
LF:7
LH:6
BRF:0
BRH:0
end_of_record
TN:
SF:src/controller/despesaParticipante.controller.js
FN:4,criarControllerDespesaParticipante
FN:5,listarPorDespesa
FN:10,criarVinculo
FN:16,deletarVinculo
FNF:4
FNH:2
FNDA:3,criarControllerDespesaParticipante
FNDA:0,listarPorDespesa
FNDA:1,criarVinculo
FNDA:0,deletarVinculo
DA:6,0
DA:7,0
DA:11,1
DA:12,1
DA:13,1
DA:17,0
DA:18,0
DA:21,3
LF:8
LH:4
BRF:0
BRH:0
end_of_record
TN:
SF:src/controller/divisao.controller.js
FN:4,criarControllerDivisao
FN:5,calcularDivisaoDespesa
FNF:2
FNH:2
FNDA:3,criarControllerDivisao
FNDA:2,calcularDivisaoDespesa
DA:6,2
DA:7,2
DA:12,1
DA:15,3
LF:4
LH:4
BRF:0
BRH:0
end_of_record
TN:
SF:src/controller/grupo.controller.js
FN:4,criarControllerGrupo
FN:5,listarMeusGrupos
FN:10,getById
FN:15,criarGrupo
FN:21,editarGrupo
FN:27,deletarGrupo
FNF:6
FNH:3
FNDA:3,criarControllerGrupo
FNDA:0,listarMeusGrupos
FNDA:0,getById
FNDA:6,criarGrupo
FNDA:2,editarGrupo
FNDA:0,deletarGrupo
DA:6,0
DA:7,0
DA:11,0
DA:12,0
DA:16,6
DA:17,5
DA:18,5
DA:22,2
DA:23,2
DA:24,1
DA:28,0
DA:29,0
DA:32,3
LF:13
LH:7
BRF:0
BRH:0
end_of_record
TN:
SF:src/controller/participante.controller.js
FN:4,criarControllerParticipante
FN:5,listarPorGrupo
FN:10,getById
FN:15,criarParticipante
FN:21,editarParticipante
FN:28,deletarParticipante
FNF:6
FNH:4
FNDA:3,criarControllerParticipante
FNDA:1,listarPorGrupo
FNDA:0,getById
FNDA:8,criarParticipante
FNDA:1,editarParticipante
FNDA:0,deletarParticipante
DA:6,1
DA:7,1
DA:11,0
DA:12,0
DA:16,8
DA:17,8
DA:18,7
DA:23,1
DA:24,1
DA:25,0
DA:29,0
DA:30,0
DA:31,0
DA:34,3
LF:14
LH:8
BRF:0
BRH:0
end_of_record
TN:
SF:src/dto/despesaParticipante.dto.js
FN:18,criarDto
FN:22,deletarDto
FN:26,calcularDivisaoDto
FNF:3
FNH:2
FNDA:1,criarDto
FNDA:0,deletarDto
FNDA:2,calcularDivisaoDto
DA:3,3
DA:10,3
DA:14,3
DA:19,1
DA:23,0
DA:27,2
LF:6
LH:5
BRF:0
BRH:0
end_of_record
TN:
SF:src/dto/grupo.dto.js
FN:12,criarDto
FN:16,editarDto
FNF:2
FNH:2
FNDA:6,criarDto
FNDA:2,editarDto
DA:3,3
DA:7,3
DA:13,6
DA:17,2
LF:4
LH:4
BRF:0
BRH:0
end_of_record
TN:
SF:src/dto/participante.dto.js
FN:20,criarDto
FN:24,editarDto
FN:28,deletarDto
FNF:3
FNH:2
FNDA:8,criarDto
FNDA:1,editarDto
FNDA:0,deletarDto
DA:3,3
DA:10,3
DA:16,3
DA:21,8
DA:25,1
DA:29,0
LF:6
LH:5
BRF:0
BRH:0
end_of_record
TN:
SF:src/infrastructure/config/database.js
FNF:0
FNH:0
DA:3,3
LF:1
LH:1
BRF:0
BRH:0
end_of_record
TN:
SF:src/infrastructure/config/jwt.js
FNF:0
FNH:0
DA:3,3
LF:1
LH:1
BRF:0
BRH:0
end_of_record
TN:
SF:src/infrastructure/config/secret-reader.js
FN:4,getSecret
FNF:1
FNH:1
FNDA:6,getSecret
DA:5,6
DA:6,6
DA:8,0
LF:3
LH:2
BRF:0
BRH:0
end_of_record
TN:
SF:src/infrastructure/database/connection.js
FNF:0
FNH:0
DA:4,3
LF:1
LH:1
BRF:0
BRH:0
end_of_record
TN:
SF:src/infrastructure/database/database.js
FN:3,execute
FN:13,transaction
FNF:2
FNH:1
FNDA:42,execute
FNDA:0,transaction
DA:5,42
DA:6,42
DA:8,0
DA:10,42
DA:14,0
DA:16,0
DA:17,0
DA:18,0
DA:19,0
DA:20,0
DA:22,0
DA:23,0
DA:25,0
LF:13
LH:3
BRDA:3,0,0,0
BRDA:5,1,0,42
BRDA:5,1,1,0
BRF:3
BRH:1
end_of_record
TN:
SF:src/infrastructure/errors/app.error.js
FN:2,(anonymous_0)
FNF:1
FNH:1
FNDA:15,(anonymous_0)
DA:3,15
DA:4,15
DA:5,15
DA:6,15
LF:4
LH:4
BRDA:5,0,0,15
BRDA:5,0,1,0
BRDA:6,1,0,15
BRDA:6,1,1,12
BRF:4
BRH:3
end_of_record
TN:
SF:src/infrastructure/middlewares/auth.middleware.js
FN:7,authMiddleware
FNF:1
FNH:1
FNDA:24,authMiddleware
DA:8,24
DA:10,24
DA:11,1
DA:14,23
DA:16,23
DA:17,0
DA:20,23
DA:21,23
DA:23,23
DA:28,23
DA:30,0
LF:11
LH:9
BRDA:10,0,0,1
BRDA:10,0,1,23
BRDA:16,1,0,0
BRDA:16,1,1,23
BRDA:25,2,0,23
BRDA:25,2,1,0
BRF:6
BRH:4
end_of_record
TN:
SF:src/infrastructure/middlewares/error.middleware.js
FN:4,errorMiddleware
FNF:1
FNH:1
FNDA:6,errorMiddleware
DA:5,6
DA:6,4
DA:7,4
DA:13,2
DA:14,1
DA:15,1
DA:16,1
DA:23,1
DA:24,1
LF:9
LH:9
BRDA:5,0,0,4
BRDA:5,0,1,2
BRDA:10,1,0,4
BRDA:10,1,1,0
BRDA:13,2,0,1
BRDA:13,2,1,1
BRF:6
BRH:5
end_of_record
TN:
SF:src/modules/despesaParticipante.module.js
FNF:0
FNH:0
DA:8,3
DA:9,3
DA:10,3
LF:3
LH:3
BRF:0
BRH:0
end_of_record
TN:
SF:src/modules/divisao.module.js
FNF:0
FNH:0
DA:7,3
DA:8,3
LF:2
LH:2
BRF:0
BRH:0
end_of_record
TN:
SF:src/modules/grupo.module.js
FNF:0
FNH:0
DA:6,3
DA:7,3
DA:8,3
LF:3
LH:3
BRF:0
BRH:0
end_of_record
TN:
SF:src/modules/participante.module.js
FNF:0
FNH:0
DA:7,3
DA:8,3
DA:9,3
LF:3
LH:3
BRF:0
BRH:0
end_of_record
TN:
SF:src/repository/despesaParticipante.repository.js
FN:1,criarRepositoryDespesaParticipante
FN:2,listarPorDespesa
FN:7,getById
FN:12,criarVinculo
FN:24,deletarVinculo
FNF:5
FNH:3
FNDA:3,criarRepositoryDespesaParticipante
FNDA:2,listarPorDespesa
FNDA:0,getById
FNDA:1,criarVinculo
FNDA:0,deletarVinculo
DA:3,2
DA:4,2
DA:8,0
DA:9,0
DA:13,1
DA:15,1
DA:21,1
DA:25,0
DA:26,0
DA:29,3
LF:10
LH:6
BRDA:19,0,0,1
BRDA:19,0,1,1
BRF:2
BRH:2
end_of_record
TN:
SF:src/repository/grupo.repository.js
FN:1,criarRepositoryGrupo
FN:2,listarPorUsuario
FN:7,getById
FN:12,criarGrupo
FN:18,editarGrupo
FN:24,deletarGrupo
FNF:6
FNH:4
FNDA:3,criarRepositoryGrupo
FNDA:0,listarPorUsuario
FNDA:13,getById
FNDA:5,criarGrupo
FNDA:1,editarGrupo
FNDA:0,deletarGrupo
DA:3,0
DA:4,0
DA:8,13
DA:9,13
DA:13,5
DA:14,5
DA:15,5
DA:19,1
DA:20,1
DA:21,1
DA:25,0
DA:26,0
DA:29,3
LF:13
LH:9
BRF:0
BRH:0
end_of_record
TN:
SF:src/repository/participante.repository.js
FN:1,criarRepositoryParticipante
FN:2,listarPorGrupo
FN:7,getById
FN:13,contarPorGrupo
FN:19,criarParticipante
FN:31,editarParticipante
FN:44,deletarParticipante
FNF:7
FNH:5
FNDA:3,criarRepositoryParticipante
FNDA:3,listarPorGrupo
FNDA:2,getById
FNDA:8,contarPorGrupo
FNDA:7,criarParticipante
FNDA:0,editarParticipante
FNDA:0,deletarParticipante
DA:3,3
DA:4,3
DA:8,2
DA:9,2
DA:14,8
DA:15,8
DA:16,8
DA:20,7
DA:22,7
DA:28,7
DA:32,0
DA:36,0
DA:41,0
DA:45,0
DA:46,0
DA:49,3
LF:16
LH:11
BRDA:24,0,0,7
BRDA:24,0,1,7
BRDA:37,1,0,0
BRDA:37,1,1,0
BRDA:38,2,0,0
BRDA:38,2,1,0
BRF:6
BRH:2
end_of_record
TN:
SF:src/routes/despesaParticipante.routes.js
FNF:0
FNH:0
DA:5,3
DA:7,3
DA:9,3
DA:10,3
DA:11,3
LF:5
LH:5
BRF:0
BRH:0
end_of_record
TN:
SF:src/routes/divisao.routes.js
FNF:0
FNH:0
DA:5,3
DA:7,3
DA:9,3
LF:3
LH:3
BRF:0
BRH:0
end_of_record
TN:
SF:src/routes/grupo.routes.js
FNF:0
FNH:0
DA:5,3
DA:7,3
DA:9,3
DA:10,3
DA:11,3
DA:12,3
DA:13,3
LF:7
LH:7
BRF:0
BRH:0
end_of_record
TN:
SF:src/routes/participante.routes.js
FNF:0
FNH:0
DA:5,3
DA:7,3
DA:9,3
DA:10,3
DA:11,3
DA:12,3
DA:13,3
LF:7
LH:7
BRF:0
BRH:0
end_of_record
TN:
SF:src/service/despesaParticipante.service.js
FN:4,criarServiceDespesaParticipante
FN:5,listarPorDespesa
FN:9,criarVinculo
FN:19,deletarVinculo
FNF:4
FNH:3
FNDA:7,criarServiceDespesaParticipante
FNDA:0,listarPorDespesa
FNDA:3,criarVinculo
FNDA:2,deletarVinculo
DA:6,0
DA:11,3
DA:12,3
DA:14,3
DA:16,2
DA:20,2
DA:21,2
DA:22,1
DA:24,1
DA:27,7
LF:10
LH:9
BRDA:21,0,0,1
BRDA:21,0,1,1
BRF:2
BRH:2
end_of_record
TN:
SF:src/service/divisao.service.js
FN:4,criarServiceDivisao
FN:5,calcularDivisaoDespesa
FN:11,(anonymous_2)
FN:12,(anonymous_3)
FN:16,(anonymous_4)
FN:17,(anonymous_5)
FN:21,(anonymous_6)
FN:22,(anonymous_7)
FN:27,(anonymous_8)
FN:36,(anonymous_9)
FNF:10
FNH:10
FNDA:9,criarServiceDivisao
FNDA:8,calcularDivisaoDespesa
FNDA:4,(anonymous_2)
FNDA:4,(anonymous_3)
FNDA:3,(anonymous_4)
FNDA:5,(anonymous_5)
FNDA:9,(anonymous_6)
FNDA:7,(anonymous_7)
FNDA:10,(anonymous_8)
FNDA:9,(anonymous_9)
DA:6,8
DA:8,7
DA:9,7
DA:11,7
DA:12,7
DA:15,7
DA:16,3
DA:17,5
DA:21,9
DA:22,7
DA:27,10
DA:29,7
DA:30,1
DA:36,9
DA:44,9
LF:15
LH:15
BRDA:15,0,0,2
BRDA:15,0,1,5
BRDA:18,1,0,3
BRDA:18,1,1,3
BRDA:24,2,0,7
BRDA:24,2,1,6
BRDA:29,3,0,1
BRDA:29,3,1,6
BRF:8
BRH:8
end_of_record
TN:
SF:src/service/grupo.service.js
FN:4,criarServiceGrupo
FN:5,listarPorUsuario
FN:9,getById
FN:17,criarGrupo
FN:21,editarGrupo
FN:26,deletarGrupo
FN:32,verificarDono
FNF:7
FNH:6
FNDA:10,criarServiceGrupo
FNDA:0,listarPorUsuario
FNDA:19,getById
FNDA:6,criarGrupo
FNDA:3,editarGrupo
FNDA:1,deletarGrupo
FNDA:15,verificarDono
DA:6,0
DA:10,19
DA:11,19
DA:12,1
DA:14,18
DA:18,6
DA:22,3
DA:23,1
DA:27,1
DA:28,0
DA:33,15
DA:34,15
DA:35,4
DA:37,11
DA:40,10
LF:15
LH:13
BRDA:11,0,0,1
BRDA:11,0,1,18
BRDA:34,1,0,4
BRDA:34,1,1,11
BRF:4
BRH:4
end_of_record
TN:
SF:src/service/participante.service.js
FN:5,criarServiceParticipante
FN:6,listarPorGrupo
FN:10,getById
FN:18,criarParticipante
FN:37,editarParticipante
FN:42,deletarParticipante
FNF:6
FNH:6
FNDA:11,criarServiceParticipante
FNDA:1,listarPorGrupo
FNDA:5,getById
FNDA:13,criarParticipante
FNDA:2,editarParticipante
FNDA:1,deletarParticipante
DA:7,1
DA:11,5
DA:12,5
DA:13,4
DA:15,1
DA:20,13
DA:22,12
DA:23,12
DA:25,12
DA:27,12
DA:28,3
DA:34,9
DA:38,2
DA:39,0
DA:43,1
DA:44,0
DA:47,11
LF:17
LH:15
BRDA:12,0,0,4
BRDA:12,0,1,1
BRDA:22,1,0,12
BRDA:22,1,1,1
BRDA:23,2,0,12
BRDA:23,2,1,0
BRDA:27,3,0,3
BRDA:27,3,1,9
BRF:8
BRH:7
end_of_record
TN:
SF:src/shared/constants/planos.js
FNF:0
FNH:0
DA:2,4
DA:7,4
LF:2
LH:2
BRF:0
BRH:0
end_of_record
TN:
SF:src/shared/constants/response.js
FNF:0
FNH:0
DA:1,7
LF:1
LH:1
BRF:0
BRH:0
end_of_record
